<?xml version="1.0" encoding="UTF-8"?>
<!-- Generated by org.testng.reporters.JUnitXMLReporter -->
<testsuite hostname="rsultanova-pc" name="Test1" tests="4" failures="0" timestamp="7 Apr 2014 09:31:48 GMT" time="17.016" errors="0">
  <testcase name="testLogin" time="1.936" classname="ru.st.selenium.Login"/>
  <testcase name="testAddFilm" time="1.238" classname="ru.st.selenium.AddFilm"/>
  <testcase name="testRemoveFilm" time="0.283" classname="ru.st.selenium.RemoveFilm"/>
  <testcase name="testLogout" time="0.463" classname="ru.st.selenium.Logout"/>
</testsuite> <!-- Test1 -->
