<?xml version="1.0" encoding="UTF-8"?>
<testng-results skipped="0" failed="0" total="4" passed="4">
  <reporter-output>
  </reporter-output>
  <suite name="Tests" duration-ms="17016" started-at="2014-04-07T09:31:31Z" finished-at="2014-04-07T09:31:48Z">
    <groups>
    </groups>
    <test name="Test1" duration-ms="17016" started-at="2014-04-07T09:31:31Z" finished-at="2014-04-07T09:31:48Z">
      <class name="ru.st.selenium.Logout">
        <test-method status="PASS" signature="init()[pri:0, instance:ru.st.selenium.Logout@7d5c60c8]" name="init" is-config="true" duration-ms="386" started-at="2014-04-07T15:31:47Z" finished-at="2014-04-07T15:31:48Z">
          <reporter-output>
          </reporter-output>
        </test-method> <!-- init -->
        <test-method status="PASS" signature="testLogout()[pri:0, instance:ru.st.selenium.Logout@7d5c60c8]" name="testLogout" duration-ms="463" started-at="2014-04-07T15:31:48Z" finished-at="2014-04-07T15:31:48Z">
          <reporter-output>
          </reporter-output>
        </test-method> <!-- testLogout -->
      </class> <!-- ru.st.selenium.Logout -->
      <class name="ru.st.selenium.AddFilm">
        <test-method status="PASS" signature="init()[pri:0, instance:ru.st.selenium.AddFilm@3bd62ac4]" name="init" is-config="true" duration-ms="11" started-at="2014-04-07T15:31:46Z" finished-at="2014-04-07T15:31:46Z">
          <reporter-output>
          </reporter-output>
        </test-method> <!-- init -->
        <test-method status="PASS" signature="testAddFilm()[pri:0, instance:ru.st.selenium.AddFilm@3bd62ac4]" name="testAddFilm" duration-ms="1238" started-at="2014-04-07T15:31:46Z" finished-at="2014-04-07T15:31:47Z">
          <reporter-output>
          </reporter-output>
        </test-method> <!-- testAddFilm -->
      </class> <!-- ru.st.selenium.AddFilm -->
      <class name="ru.st.selenium.Login">
        <test-method status="PASS" signature="init()[pri:0, instance:ru.st.selenium.Login@63b8dba5]" name="init" is-config="true" duration-ms="12672" started-at="2014-04-07T15:31:31Z" finished-at="2014-04-07T15:31:44Z">
          <reporter-output>
          </reporter-output>
        </test-method> <!-- init -->
        <test-method status="PASS" signature="testLogin()[pri:0, instance:ru.st.selenium.Login@63b8dba5]" name="testLogin" duration-ms="1936" started-at="2014-04-07T15:31:44Z" finished-at="2014-04-07T15:31:46Z">
          <reporter-output>
          </reporter-output>
        </test-method> <!-- testLogin -->
      </class> <!-- ru.st.selenium.Login -->
      <class name="ru.st.selenium.RemoveFilm">
        <test-method status="PASS" signature="init()[pri:0, instance:ru.st.selenium.RemoveFilm@5cde6b02]" name="init" is-config="true" duration-ms="13" started-at="2014-04-07T15:31:47Z" finished-at="2014-04-07T15:31:47Z">
          <reporter-output>
          </reporter-output>
        </test-method> <!-- init -->
        <test-method status="PASS" signature="testRemoveFilm()[pri:0, instance:ru.st.selenium.RemoveFilm@5cde6b02]" name="testRemoveFilm" duration-ms="283" started-at="2014-04-07T15:31:47Z" finished-at="2014-04-07T15:31:47Z">
          <reporter-output>
          </reporter-output>
        </test-method> <!-- testRemoveFilm -->
        <test-method status="PASS" signature="tearDown()[pri:0, instance:ru.st.selenium.RemoveFilm@5cde6b02]" name="tearDown" is-config="true" duration-ms="723" started-at="2014-04-07T15:31:48Z" finished-at="2014-04-07T15:31:49Z">
          <reporter-output>
          </reporter-output>
        </test-method> <!-- tearDown -->
      </class> <!-- ru.st.selenium.RemoveFilm -->
    </test> <!-- Test1 -->
  </suite> <!-- Tests -->
</testng-results>
